[0.062s] DEBUG:colcon:Command line arguments: ['/usr/bin/colcon', 'build', '--packages-select', 'chatroom']
[0.062s] DEBUG:colcon:Parsed command line arguments: Namespace(log_base=None, log_level=None, verb_name='build', build_base='build', install_base='install', merge_install=False, symlink_install=False, test_result_base=None, continue_on_error=False, executor='parallel', parallel_workers=12, event_handlers=None, ignore_user_meta=False, metas=['./colcon.meta'], base_paths=['.'], packages_ignore=None, packages_ignore_regex=None, paths=None, packages_up_to=None, packages_up_to_regex=None, packages_above=None, packages_above_and_dependencies=None, packages_above_depth=None, packages_select_by_dep=None, packages_skip_by_dep=None, packages_skip_up_to=None, packages_select_build_failed=False, packages_skip_build_finished=False, packages_select_test_failures=False, packages_skip_test_passed=False, packages_select=['chatroom'], packages_skip=None, packages_select_regex=None, packages_skip_regex=None, packages_start=None, packages_end=None, allow_overriding=[], cmake_args=None, cmake_target=None, cmake_target_skip_unavailable=False, cmake_clean_cache=False, cmake_clean_first=False, cmake_force_configure=False, ament_cmake_args=None, catkin_cmake_args=None, catkin_skip_building_tests=False, verb_parser=<colcon_defaults.argument_parser.defaults.DefaultArgumentsDecorator object at 0x7725892268f0>, verb_extension=<colcon_core.verb.build.BuildVerb object at 0x772589226230>, main=<bound method BuildVerb.main of <colcon_core.verb.build.BuildVerb object at 0x772589226230>>)
[0.151s] Level 1:colcon.colcon_core.package_discovery:discover_packages(colcon_meta) check parameters
[0.152s] Level 1:colcon.colcon_core.package_discovery:discover_packages(recursive) check parameters
[0.152s] Level 1:colcon.colcon_core.package_discovery:discover_packages(ignore) check parameters
[0.152s] Level 1:colcon.colcon_core.package_discovery:discover_packages(path) check parameters
[0.152s] Level 1:colcon.colcon_core.package_discovery:discover_packages(colcon_meta) discover
[0.152s] Level 1:colcon.colcon_core.package_discovery:discover_packages(recursive) discover
[0.152s] INFO:colcon.colcon_core.package_discovery:Crawling recursively for packages in '/home/cobaltcheese/Desktop/MRM/chatroom'
[0.152s] Level 1:colcon.colcon_core.package_identification:_identify(.) by extensions ['ignore', 'ignore_ament_install']
[0.152s] Level 1:colcon.colcon_core.package_identification:_identify(.) by extension 'ignore'
[0.152s] Level 1:colcon.colcon_core.package_identification:_identify(.) by extension 'ignore_ament_install'
[0.152s] Level 1:colcon.colcon_core.package_identification:_identify(.) by extensions ['colcon_pkg']
[0.152s] Level 1:colcon.colcon_core.package_identification:_identify(.) by extension 'colcon_pkg'
[0.152s] Level 1:colcon.colcon_core.package_identification:_identify(.) by extensions ['colcon_meta']
[0.152s] Level 1:colcon.colcon_core.package_identification:_identify(.) by extension 'colcon_meta'
[0.152s] Level 1:colcon.colcon_core.package_identification:_identify(.) by extensions ['ros']
[0.152s] Level 1:colcon.colcon_core.package_identification:_identify(.) by extension 'ros'
[0.159s] Level 1:colcon.colcon_core.package_identification:_identify(.) by extensions ['cmake', 'python']
[0.159s] Level 1:colcon.colcon_core.package_identification:_identify(.) by extension 'cmake'
[0.159s] Level 1:colcon.colcon_core.package_identification:_identify(.) by extension 'python'
[0.159s] Level 1:colcon.colcon_core.package_identification:_identify(.) by extensions ['python_setup_py']
[0.159s] Level 1:colcon.colcon_core.package_identification:_identify(.) by extension 'python_setup_py'
[0.159s] Level 1:colcon.colcon_core.package_identification:_identify(build) by extensions ['ignore', 'ignore_ament_install']
[0.159s] Level 1:colcon.colcon_core.package_identification:_identify(build) by extension 'ignore'
[0.160s] Level 1:colcon.colcon_core.package_identification:_identify(build) ignored
[0.160s] Level 1:colcon.colcon_core.package_identification:_identify(install) by extensions ['ignore', 'ignore_ament_install']
[0.160s] Level 1:colcon.colcon_core.package_identification:_identify(install) by extension 'ignore'
[0.160s] Level 1:colcon.colcon_core.package_identification:_identify(install) ignored
[0.160s] Level 1:colcon.colcon_core.package_identification:_identify(log) by extensions ['ignore', 'ignore_ament_install']
[0.160s] Level 1:colcon.colcon_core.package_identification:_identify(log) by extension 'ignore'
[0.160s] Level 1:colcon.colcon_core.package_identification:_identify(log) ignored
[0.160s] Level 1:colcon.colcon_core.package_identification:_identify(src) by extensions ['ignore', 'ignore_ament_install']
[0.160s] Level 1:colcon.colcon_core.package_identification:_identify(src) by extension 'ignore'
[0.160s] Level 1:colcon.colcon_core.package_identification:_identify(src) by extension 'ignore_ament_install'
[0.160s] Level 1:colcon.colcon_core.package_identification:_identify(src) by extensions ['colcon_pkg']
[0.160s] Level 1:colcon.colcon_core.package_identification:_identify(src) by extension 'colcon_pkg'
[0.160s] Level 1:colcon.colcon_core.package_identification:_identify(src) by extensions ['colcon_meta']
[0.160s] Level 1:colcon.colcon_core.package_identification:_identify(src) by extension 'colcon_meta'
[0.160s] Level 1:colcon.colcon_core.package_identification:_identify(src) by extensions ['ros']
[0.160s] Level 1:colcon.colcon_core.package_identification:_identify(src) by extension 'ros'
[0.160s] Level 1:colcon.colcon_core.package_identification:_identify(src) by extensions ['cmake', 'python']
[0.160s] Level 1:colcon.colcon_core.package_identification:_identify(src) by extension 'cmake'
[0.160s] Level 1:colcon.colcon_core.package_identification:_identify(src) by extension 'python'
[0.160s] Level 1:colcon.colcon_core.package_identification:_identify(src) by extensions ['python_setup_py']
[0.160s] Level 1:colcon.colcon_core.package_identification:_identify(src) by extension 'python_setup_py'
[0.160s] Level 1:colcon.colcon_core.package_identification:_identify(src/chatroom) by extensions ['ignore', 'ignore_ament_install']
[0.160s] Level 1:colcon.colcon_core.package_identification:_identify(src/chatroom) by extension 'ignore'
[0.160s] Level 1:colcon.colcon_core.package_identification:_identify(src/chatroom) by extension 'ignore_ament_install'
[0.160s] Level 1:colcon.colcon_core.package_identification:_identify(src/chatroom) by extensions ['colcon_pkg']
[0.160s] Level 1:colcon.colcon_core.package_identification:_identify(src/chatroom) by extension 'colcon_pkg'
[0.160s] Level 1:colcon.colcon_core.package_identification:_identify(src/chatroom) by extensions ['colcon_meta']
[0.160s] Level 1:colcon.colcon_core.package_identification:_identify(src/chatroom) by extension 'colcon_meta'
[0.160s] Level 1:colcon.colcon_core.package_identification:_identify(src/chatroom) by extensions ['ros']
[0.160s] Level 1:colcon.colcon_core.package_identification:_identify(src/chatroom) by extension 'ros'
[0.162s] DEBUG:colcon.colcon_core.package_identification:Package 'src/chatroom' with type 'ros.ament_cmake' and name 'chatroom'
[0.162s] Level 1:colcon.colcon_core.package_discovery:discover_packages(recursive) using defaults
[0.162s] Level 1:colcon.colcon_core.package_discovery:discover_packages(ignore) discover
[0.162s] Level 1:colcon.colcon_core.package_discovery:discover_packages(ignore) using defaults
[0.162s] Level 1:colcon.colcon_core.package_discovery:discover_packages(path) discover
[0.162s] Level 1:colcon.colcon_core.package_discovery:discover_packages(path) using defaults
[0.174s] Level 1:colcon.colcon_core.package_discovery:discover_packages(prefix_path) check parameters
[0.174s] Level 1:colcon.colcon_core.package_discovery:discover_packages(prefix_path) discover
[0.176s] WARNING:colcon.colcon_ros.prefix_path.ament:The path '/home/cobaltcheese/Desktop/MRM/chatroom/install/chatroom' in the environment variable AMENT_PREFIX_PATH doesn't exist
[0.176s] WARNING:colcon.colcon_ros.prefix_path.catkin:The path '/home/cobaltcheese/Desktop/MRM/chatroom/install/chatroom' in the environment variable CMAKE_PREFIX_PATH doesn't exist
[0.176s] DEBUG:colcon.colcon_installed_package_information.package_discovery:Found 0 installed packages in /home/cobaltcheese/Desktop/MRM/chatroom/install
[0.177s] DEBUG:colcon.colcon_installed_package_information.package_discovery:Found 271 installed packages in /opt/ros/humble
[0.183s] Level 1:colcon.colcon_core.package_discovery:discover_packages(prefix_path) using defaults
[0.205s] Level 5:colcon.colcon_core.verb:set package 'chatroom' build argument 'cmake_args' from command line to 'None'
[0.205s] Level 5:colcon.colcon_core.verb:set package 'chatroom' build argument 'cmake_target' from command line to 'None'
[0.205s] Level 5:colcon.colcon_core.verb:set package 'chatroom' build argument 'cmake_target_skip_unavailable' from command line to 'False'
[0.205s] Level 5:colcon.colcon_core.verb:set package 'chatroom' build argument 'cmake_clean_cache' from command line to 'False'
[0.205s] Level 5:colcon.colcon_core.verb:set package 'chatroom' build argument 'cmake_clean_first' from command line to 'False'
[0.205s] Level 5:colcon.colcon_core.verb:set package 'chatroom' build argument 'cmake_force_configure' from command line to 'False'
[0.205s] Level 5:colcon.colcon_core.verb:set package 'chatroom' build argument 'ament_cmake_args' from command line to 'None'
[0.205s] Level 5:colcon.colcon_core.verb:set package 'chatroom' build argument 'catkin_cmake_args' from command line to 'None'
[0.205s] Level 5:colcon.colcon_core.verb:set package 'chatroom' build argument 'catkin_skip_building_tests' from command line to 'False'
[0.205s] DEBUG:colcon.colcon_core.verb:Building package 'chatroom' with the following arguments: {'ament_cmake_args': None, 'build_base': '/home/cobaltcheese/Desktop/MRM/chatroom/build/chatroom', 'catkin_cmake_args': None, 'catkin_skip_building_tests': False, 'cmake_args': None, 'cmake_clean_cache': False, 'cmake_clean_first': False, 'cmake_force_configure': False, 'cmake_target': None, 'cmake_target_skip_unavailable': False, 'install_base': '/home/cobaltcheese/Desktop/MRM/chatroom/install/chatroom', 'merge_install': False, 'path': '/home/cobaltcheese/Desktop/MRM/chatroom/src/chatroom', 'symlink_install': False, 'test_result_base': None}
[0.205s] INFO:colcon.colcon_core.executor:Executing jobs using 'parallel' executor
[0.206s] DEBUG:colcon.colcon_parallel_executor.executor.parallel:run_until_complete
[0.206s] INFO:colcon.colcon_ros.task.ament_cmake.build:Building ROS package in '/home/cobaltcheese/Desktop/MRM/chatroom/src/chatroom' with build type 'ament_cmake'
[0.206s] INFO:colcon.colcon_cmake.task.cmake.build:Building CMake package in '/home/cobaltcheese/Desktop/MRM/chatroom/src/chatroom'
[0.207s] INFO:colcon.colcon_core.plugin_system:Skipping extension 'colcon_core.shell.bat': Not used on non-Windows systems
[0.208s] INFO:colcon.colcon_core.shell:Skip shell extension 'powershell' for command environment: Not usable outside of PowerShell
[0.208s] DEBUG:colcon.colcon_core.shell:Skip shell extension 'dsv' for command environment
[0.214s] DEBUG:colcon.colcon_core.event_handler.log_command:Invoking command in '/home/cobaltcheese/Desktop/MRM/chatroom/build/chatroom': CMAKE_PREFIX_PATH=${CMAKE_PREFIX_PATH}:/opt/ros/humble /usr/bin/cmake /home/cobaltcheese/Desktop/MRM/chatroom/src/chatroom -DCMAKE_INSTALL_PREFIX=/home/cobaltcheese/Desktop/MRM/chatroom/install/chatroom
[1.182s] DEBUG:colcon.colcon_core.event_handler.log_command:Invoked command in '/home/cobaltcheese/Desktop/MRM/chatroom/build/chatroom' returned '0': CMAKE_PREFIX_PATH=${CMAKE_PREFIX_PATH}:/opt/ros/humble /usr/bin/cmake /home/cobaltcheese/Desktop/MRM/chatroom/src/chatroom -DCMAKE_INSTALL_PREFIX=/home/cobaltcheese/Desktop/MRM/chatroom/install/chatroom
[1.183s] DEBUG:colcon.colcon_core.event_handler.log_command:Invoking command in '/home/cobaltcheese/Desktop/MRM/chatroom/build/chatroom': CMAKE_PREFIX_PATH=${CMAKE_PREFIX_PATH}:/opt/ros/humble /usr/bin/cmake --build /home/cobaltcheese/Desktop/MRM/chatroom/build/chatroom -- -j12 -l12
[6.600s] DEBUG:colcon.colcon_core.event_handler.log_command:Invoked command in '/home/cobaltcheese/Desktop/MRM/chatroom/build/chatroom' returned '0': CMAKE_PREFIX_PATH=${CMAKE_PREFIX_PATH}:/opt/ros/humble /usr/bin/cmake --build /home/cobaltcheese/Desktop/MRM/chatroom/build/chatroom -- -j12 -l12
[6.613s] DEBUG:colcon.colcon_core.event_handler.log_command:Invoking command in '/home/cobaltcheese/Desktop/MRM/chatroom/build/chatroom': CMAKE_PREFIX_PATH=${CMAKE_PREFIX_PATH}:/opt/ros/humble /usr/bin/cmake --install /home/cobaltcheese/Desktop/MRM/chatroom/build/chatroom
[6.625s] Level 1:colcon.colcon_core.environment:create_environment_scripts_only(chatroom)
[6.626s] DEBUG:colcon.colcon_core.event_handler.log_command:Invoked command in '/home/cobaltcheese/Desktop/MRM/chatroom/build/chatroom' returned '0': CMAKE_PREFIX_PATH=${CMAKE_PREFIX_PATH}:/opt/ros/humble /usr/bin/cmake --install /home/cobaltcheese/Desktop/MRM/chatroom/build/chatroom
[6.628s] Level 1:colcon.colcon_core.environment:checking '/home/cobaltcheese/Desktop/MRM/chatroom/install/chatroom' for CMake module files
[6.629s] Level 1:colcon.colcon_core.environment:checking '/home/cobaltcheese/Desktop/MRM/chatroom/install/chatroom' for CMake config files
[6.629s] Level 1:colcon.colcon_core.shell:create_environment_hook('chatroom', 'cmake_prefix_path')
[6.629s] INFO:colcon.colcon_core.shell:Creating environment hook '/home/cobaltcheese/Desktop/MRM/chatroom/install/chatroom/share/chatroom/hook/cmake_prefix_path.ps1'
[6.630s] INFO:colcon.colcon_core.shell:Creating environment descriptor '/home/cobaltcheese/Desktop/MRM/chatroom/install/chatroom/share/chatroom/hook/cmake_prefix_path.dsv'
[6.630s] INFO:colcon.colcon_core.shell:Creating environment hook '/home/cobaltcheese/Desktop/MRM/chatroom/install/chatroom/share/chatroom/hook/cmake_prefix_path.sh'
[6.631s] Level 1:colcon.colcon_core.environment:checking '/home/cobaltcheese/Desktop/MRM/chatroom/install/chatroom/lib'
[6.632s] Level 1:colcon.colcon_core.environment:checking '/home/cobaltcheese/Desktop/MRM/chatroom/install/chatroom/bin'
[6.632s] Level 1:colcon.colcon_core.environment:checking '/home/cobaltcheese/Desktop/MRM/chatroom/install/chatroom/lib/pkgconfig/chatroom.pc'
[6.632s] Level 1:colcon.colcon_core.environment:checking '/home/cobaltcheese/Desktop/MRM/chatroom/install/chatroom/lib/python3.10/site-packages'
[6.632s] Level 1:colcon.colcon_core.environment:checking '/home/cobaltcheese/Desktop/MRM/chatroom/install/chatroom/bin'
[6.633s] INFO:colcon.colcon_core.shell:Creating package script '/home/cobaltcheese/Desktop/MRM/chatroom/install/chatroom/share/chatroom/package.ps1'
[6.634s] INFO:colcon.colcon_core.shell:Creating package descriptor '/home/cobaltcheese/Desktop/MRM/chatroom/install/chatroom/share/chatroom/package.dsv'
[6.634s] INFO:colcon.colcon_core.shell:Creating package script '/home/cobaltcheese/Desktop/MRM/chatroom/install/chatroom/share/chatroom/package.sh'
[6.635s] INFO:colcon.colcon_core.shell:Creating package script '/home/cobaltcheese/Desktop/MRM/chatroom/install/chatroom/share/chatroom/package.bash'
[6.636s] INFO:colcon.colcon_core.shell:Creating package script '/home/cobaltcheese/Desktop/MRM/chatroom/install/chatroom/share/chatroom/package.zsh'
[6.636s] Level 1:colcon.colcon_core.environment:create_file_with_runtime_dependencies(/home/cobaltcheese/Desktop/MRM/chatroom/install/chatroom/share/colcon-core/packages/chatroom)
[6.637s] Level 1:colcon.colcon_core.environment:create_environment_scripts_only(chatroom)
[6.637s] Level 1:colcon.colcon_core.environment:checking '/home/cobaltcheese/Desktop/MRM/chatroom/install/chatroom' for CMake module files
[6.637s] Level 1:colcon.colcon_core.environment:checking '/home/cobaltcheese/Desktop/MRM/chatroom/install/chatroom' for CMake config files
[6.637s] Level 1:colcon.colcon_core.shell:create_environment_hook('chatroom', 'cmake_prefix_path')
[6.638s] INFO:colcon.colcon_core.shell:Creating environment hook '/home/cobaltcheese/Desktop/MRM/chatroom/install/chatroom/share/chatroom/hook/cmake_prefix_path.ps1'
[6.638s] INFO:colcon.colcon_core.shell:Creating environment descriptor '/home/cobaltcheese/Desktop/MRM/chatroom/install/chatroom/share/chatroom/hook/cmake_prefix_path.dsv'
[6.638s] INFO:colcon.colcon_core.shell:Creating environment hook '/home/cobaltcheese/Desktop/MRM/chatroom/install/chatroom/share/chatroom/hook/cmake_prefix_path.sh'
[6.639s] Level 1:colcon.colcon_core.environment:checking '/home/cobaltcheese/Desktop/MRM/chatroom/install/chatroom/lib'
[6.639s] Level 1:colcon.colcon_core.environment:checking '/home/cobaltcheese/Desktop/MRM/chatroom/install/chatroom/bin'
[6.639s] Level 1:colcon.colcon_core.environment:checking '/home/cobaltcheese/Desktop/MRM/chatroom/install/chatroom/lib/pkgconfig/chatroom.pc'
[6.639s] Level 1:colcon.colcon_core.environment:checking '/home/cobaltcheese/Desktop/MRM/chatroom/install/chatroom/lib/python3.10/site-packages'
[6.639s] Level 1:colcon.colcon_core.environment:checking '/home/cobaltcheese/Desktop/MRM/chatroom/install/chatroom/bin'
[6.639s] INFO:colcon.colcon_core.shell:Creating package script '/home/cobaltcheese/Desktop/MRM/chatroom/install/chatroom/share/chatroom/package.ps1'
[6.640s] INFO:colcon.colcon_core.shell:Creating package descriptor '/home/cobaltcheese/Desktop/MRM/chatroom/install/chatroom/share/chatroom/package.dsv'
[6.640s] INFO:colcon.colcon_core.shell:Creating package script '/home/cobaltcheese/Desktop/MRM/chatroom/install/chatroom/share/chatroom/package.sh'
[6.640s] INFO:colcon.colcon_core.shell:Creating package script '/home/cobaltcheese/Desktop/MRM/chatroom/install/chatroom/share/chatroom/package.bash'
[6.640s] INFO:colcon.colcon_core.shell:Creating package script '/home/cobaltcheese/Desktop/MRM/chatroom/install/chatroom/share/chatroom/package.zsh'
[6.641s] Level 1:colcon.colcon_core.environment:create_file_with_runtime_dependencies(/home/cobaltcheese/Desktop/MRM/chatroom/install/chatroom/share/colcon-core/packages/chatroom)
[6.641s] DEBUG:colcon.colcon_parallel_executor.executor.parallel:closing loop
[6.641s] DEBUG:colcon.colcon_parallel_executor.executor.parallel:loop closed
[6.641s] DEBUG:colcon.colcon_parallel_executor.executor.parallel:run_until_complete finished with '0'
[6.641s] DEBUG:colcon.colcon_core.event_reactor:joining thread
[6.644s] INFO:colcon.colcon_core.plugin_system:Skipping extension 'colcon_notification.desktop_notification.notify_send': Could not find 'notify-send'
[6.644s] INFO:colcon.colcon_core.plugin_system:Skipping extension 'colcon_notification.desktop_notification.terminal_notifier': Not used on non-Darwin systems
[6.644s] INFO:colcon.colcon_core.plugin_system:Skipping extension 'colcon_notification.desktop_notification.win32': Not used on non-Windows systems
[6.644s] INFO:colcon.colcon_notification.desktop_notification:Sending desktop notification using 'notify2'
[6.660s] DEBUG:colcon.colcon_core.event_reactor:joined thread
[6.660s] INFO:colcon.colcon_core.shell:Creating prefix script '/home/cobaltcheese/Desktop/MRM/chatroom/install/local_setup.ps1'
[6.661s] INFO:colcon.colcon_core.shell:Creating prefix util module '/home/cobaltcheese/Desktop/MRM/chatroom/install/_local_setup_util_ps1.py'
[6.662s] INFO:colcon.colcon_core.shell:Creating prefix chain script '/home/cobaltcheese/Desktop/MRM/chatroom/install/setup.ps1'
[6.662s] INFO:colcon.colcon_core.shell:Creating prefix script '/home/cobaltcheese/Desktop/MRM/chatroom/install/local_setup.sh'
[6.663s] INFO:colcon.colcon_core.shell:Creating prefix util module '/home/cobaltcheese/Desktop/MRM/chatroom/install/_local_setup_util_sh.py'
[6.663s] INFO:colcon.colcon_core.shell:Creating prefix chain script '/home/cobaltcheese/Desktop/MRM/chatroom/install/setup.sh'
[6.663s] INFO:colcon.colcon_core.shell:Creating prefix script '/home/cobaltcheese/Desktop/MRM/chatroom/install/local_setup.bash'
[6.664s] INFO:colcon.colcon_core.shell:Creating prefix chain script '/home/cobaltcheese/Desktop/MRM/chatroom/install/setup.bash'
[6.664s] INFO:colcon.colcon_core.shell:Creating prefix script '/home/cobaltcheese/Desktop/MRM/chatroom/install/local_setup.zsh'
[6.665s] INFO:colcon.colcon_core.shell:Creating prefix chain script '/home/cobaltcheese/Desktop/MRM/chatroom/install/setup.zsh'
