[0.008s] Invoking command in '/home/cobaltcheese/Desktop/MRM/Taskfiles/Gazebo_task_part2/robot2/build/robot2': CMAKE_PREFIX_PATH=${CMAKE_PREFIX_PATH}:/opt/ros/humble /usr/bin/cmake /home/cobaltcheese/Desktop/MRM/Taskfiles/Gazebo_task_part2/robot2/src/robot2 -DCMAKE_INSTALL_PREFIX=/home/cobaltcheese/Desktop/MRM/Taskfiles/Gazebo_task_part2/robot2/install/robot2
[0.072s] -- The C compiler identification is GNU 11.4.0
[0.131s] -- The CXX compiler identification is GNU 11.4.0
[0.138s] -- Detecting C compiler ABI info
[0.218s] -- Detecting C compiler ABI info - done
[0.226s] -- Check for working C compiler: /usr/bin/cc - skipped
[0.226s] -- Detecting C compile features
[0.226s] -- Detecting C compile features - done
[0.230s] -- Detecting CXX compiler ABI info
[0.307s] -- Detecting CXX compiler ABI info - done
[0.313s] -- Check for working CXX compiler: /usr/bin/c++ - skipped
[0.313s] -- Detecting CXX compile features
[0.313s] -- Detecting CXX compile features - done
[0.315s] -- Found ament_cmake: 1.3.11 (/opt/ros/humble/share/ament_cmake/cmake)
[0.442s] -- Found Python3: /usr/bin/python3 (found version "3.10.12") found components: Interpreter 
[0.501s] -- Found ament_lint_auto: 0.12.11 (/opt/ros/humble/share/ament_lint_auto/cmake)
[0.560s] -- Added test 'flake8' to check Python code syntax and style conventions
[0.561s] -- Added test 'lint_cmake' to check CMake code style
[0.561s] -- Added test 'pep257' to check Python code against some of the docstring style conventions in PEP 257
[0.562s] -- Added test 'xmllint' to check XML markup files
[0.562s] -- Configuring done
[0.564s] -- Generating done
[0.565s] -- Build files have been written to: /home/cobaltcheese/Desktop/MRM/Taskfiles/Gazebo_task_part2/robot2/build/robot2
[0.568s] Invoked command in '/home/cobaltcheese/Desktop/MRM/Taskfiles/Gazebo_task_part2/robot2/build/robot2' returned '0': CMAKE_PREFIX_PATH=${CMAKE_PREFIX_PATH}:/opt/ros/humble /usr/bin/cmake /home/cobaltcheese/Desktop/MRM/Taskfiles/Gazebo_task_part2/robot2/src/robot2 -DCMAKE_INSTALL_PREFIX=/home/cobaltcheese/Desktop/MRM/Taskfiles/Gazebo_task_part2/robot2/install/robot2
[0.569s] Invoking command in '/home/cobaltcheese/Desktop/MRM/Taskfiles/Gazebo_task_part2/robot2/build/robot2': CMAKE_PREFIX_PATH=${CMAKE_PREFIX_PATH}:/opt/ros/humble /usr/bin/cmake --build /home/cobaltcheese/Desktop/MRM/Taskfiles/Gazebo_task_part2/robot2/build/robot2 -- -j12 -l12
[0.613s] Invoked command in '/home/cobaltcheese/Desktop/MRM/Taskfiles/Gazebo_task_part2/robot2/build/robot2' returned '0': CMAKE_PREFIX_PATH=${CMAKE_PREFIX_PATH}:/opt/ros/humble /usr/bin/cmake --build /home/cobaltcheese/Desktop/MRM/Taskfiles/Gazebo_task_part2/robot2/build/robot2 -- -j12 -l12
[0.624s] Invoking command in '/home/cobaltcheese/Desktop/MRM/Taskfiles/Gazebo_task_part2/robot2/build/robot2': CMAKE_PREFIX_PATH=${CMAKE_PREFIX_PATH}:/opt/ros/humble /usr/bin/cmake --install /home/cobaltcheese/Desktop/MRM/Taskfiles/Gazebo_task_part2/robot2/build/robot2
[0.633s] -- Install configuration: ""
[0.633s] -- Installing: /home/cobaltcheese/Desktop/MRM/Taskfiles/Gazebo_task_part2/robot2/install/robot2/share/robot2/launch
[0.633s] -- Installing: /home/cobaltcheese/Desktop/MRM/Taskfiles/Gazebo_task_part2/robot2/install/robot2/share/robot2/launch/gazebo.launch.py
[0.634s] -- Installing: /home/cobaltcheese/Desktop/MRM/Taskfiles/Gazebo_task_part2/robot2/install/robot2/share/robot2/model
[0.634s] -- Installing: /home/cobaltcheese/Desktop/MRM/Taskfiles/Gazebo_task_part2/robot2/install/robot2/share/robot2/model/robot1.gazebo
[0.634s] -- Installing: /home/cobaltcheese/Desktop/MRM/Taskfiles/Gazebo_task_part2/robot2/install/robot2/share/robot2/model/zed2_camera.xacro
[0.634s] -- Installing: /home/cobaltcheese/Desktop/MRM/Taskfiles/Gazebo_task_part2/robot2/install/robot2/share/robot2/model/wheels.xacro
[0.634s] -- Installing: /home/cobaltcheese/Desktop/MRM/Taskfiles/Gazebo_task_part2/robot2/install/robot2/share/robot2/model/sensors.xacro
[0.634s] -- Installing: /home/cobaltcheese/Desktop/MRM/Taskfiles/Gazebo_task_part2/robot2/install/robot2/share/robot2/model/group_robot.xacro
[0.634s] -- Installing: /home/cobaltcheese/Desktop/MRM/Taskfiles/Gazebo_task_part2/robot2/install/robot2/share/ament_index/resource_index/package_run_dependencies/robot2
[0.634s] -- Installing: /home/cobaltcheese/Desktop/MRM/Taskfiles/Gazebo_task_part2/robot2/install/robot2/share/ament_index/resource_index/parent_prefix_path/robot2
[0.634s] -- Installing: /home/cobaltcheese/Desktop/MRM/Taskfiles/Gazebo_task_part2/robot2/install/robot2/share/robot2/environment/ament_prefix_path.sh
[0.634s] -- Installing: /home/cobaltcheese/Desktop/MRM/Taskfiles/Gazebo_task_part2/robot2/install/robot2/share/robot2/environment/ament_prefix_path.dsv
[0.634s] -- Installing: /home/cobaltcheese/Desktop/MRM/Taskfiles/Gazebo_task_part2/robot2/install/robot2/share/robot2/environment/path.sh
[0.634s] -- Installing: /home/cobaltcheese/Desktop/MRM/Taskfiles/Gazebo_task_part2/robot2/install/robot2/share/robot2/environment/path.dsv
[0.634s] -- Installing: /home/cobaltcheese/Desktop/MRM/Taskfiles/Gazebo_task_part2/robot2/install/robot2/share/robot2/local_setup.bash
[0.635s] -- Installing: /home/cobaltcheese/Desktop/MRM/Taskfiles/Gazebo_task_part2/robot2/install/robot2/share/robot2/local_setup.sh
[0.635s] -- Installing: /home/cobaltcheese/Desktop/MRM/Taskfiles/Gazebo_task_part2/robot2/install/robot2/share/robot2/local_setup.zsh
[0.635s] -- Installing: /home/cobaltcheese/Desktop/MRM/Taskfiles/Gazebo_task_part2/robot2/install/robot2/share/robot2/local_setup.dsv
[0.635s] -- Installing: /home/cobaltcheese/Desktop/MRM/Taskfiles/Gazebo_task_part2/robot2/install/robot2/share/robot2/package.dsv
[0.635s] -- Installing: /home/cobaltcheese/Desktop/MRM/Taskfiles/Gazebo_task_part2/robot2/install/robot2/share/ament_index/resource_index/packages/robot2
[0.635s] -- Installing: /home/cobaltcheese/Desktop/MRM/Taskfiles/Gazebo_task_part2/robot2/install/robot2/share/robot2/cmake/robot2Config.cmake
[0.635s] -- Installing: /home/cobaltcheese/Desktop/MRM/Taskfiles/Gazebo_task_part2/robot2/install/robot2/share/robot2/cmake/robot2Config-version.cmake
[0.635s] -- Installing: /home/cobaltcheese/Desktop/MRM/Taskfiles/Gazebo_task_part2/robot2/install/robot2/share/robot2/package.xml
[0.637s] Invoked command in '/home/cobaltcheese/Desktop/MRM/Taskfiles/Gazebo_task_part2/robot2/build/robot2' returned '0': CMAKE_PREFIX_PATH=${CMAKE_PREFIX_PATH}:/opt/ros/humble /usr/bin/cmake --install /home/cobaltcheese/Desktop/MRM/Taskfiles/Gazebo_task_part2/robot2/build/robot2
