-- Install configuration: ""
-- Up-to-date: /home/cobaltcheese/Desktop/MRM/Taskfiles/Gazebo_task_part2/robot2/install/robot2/share/robot2/launch
-- Installing: /home/cobaltcheese/Desktop/MRM/Taskfiles/Gazebo_task_part2/robot2/install/robot2/share/robot2/launch/gazebo.launch.py
-- Up-to-date: /home/cobaltcheese/Desktop/MRM/Taskfiles/Gazebo_task_part2/robot2/install/robot2/share/robot2/model
-- Up-to-date: /home/cobaltcheese/Desktop/MRM/Taskfiles/Gazebo_task_part2/robot2/install/robot2/share/robot2/model/robot1.gazebo
-- Up-to-date: /home/cobaltcheese/Desktop/MRM/Taskfiles/Gazebo_task_part2/robot2/install/robot2/share/robot2/model/zed2_camera.xacro
-- Up-to-date: /home/cobaltcheese/Desktop/MRM/Taskfiles/Gazebo_task_part2/robot2/install/robot2/share/robot2/model/wheels.xacro
-- Up-to-date: /home/cobaltcheese/Desktop/MRM/Taskfiles/Gazebo_task_part2/robot2/install/robot2/share/robot2/model/sensors.xacro
-- Up-to-date: /home/cobaltcheese/Desktop/MRM/Taskfiles/Gazebo_task_part2/robot2/install/robot2/share/robot2/model/group_robot.xacro
-- Up-to-date: /home/cobaltcheese/Desktop/MRM/Taskfiles/Gazebo_task_part2/robot2/install/robot2/share/ament_index/resource_index/package_run_dependencies/robot2
-- Up-to-date: /home/cobaltcheese/Desktop/MRM/Taskfiles/Gazebo_task_part2/robot2/install/robot2/share/ament_index/resource_index/parent_prefix_path/robot2
-- Up-to-date: /home/cobaltcheese/Desktop/MRM/Taskfiles/Gazebo_task_part2/robot2/install/robot2/share/robot2/environment/ament_prefix_path.sh
-- Up-to-date: /home/cobaltcheese/Desktop/MRM/Taskfiles/Gazebo_task_part2/robot2/install/robot2/share/robot2/environment/ament_prefix_path.dsv
-- Up-to-date: /home/cobaltcheese/Desktop/MRM/Taskfiles/Gazebo_task_part2/robot2/install/robot2/share/robot2/environment/path.sh
-- Up-to-date: /home/cobaltcheese/Desktop/MRM/Taskfiles/Gazebo_task_part2/robot2/install/robot2/share/robot2/environment/path.dsv
-- Up-to-date: /home/cobaltcheese/Desktop/MRM/Taskfiles/Gazebo_task_part2/robot2/install/robot2/share/robot2/local_setup.bash
-- Up-to-date: /home/cobaltcheese/Desktop/MRM/Taskfiles/Gazebo_task_part2/robot2/install/robot2/share/robot2/local_setup.sh
-- Up-to-date: /home/cobaltcheese/Desktop/MRM/Taskfiles/Gazebo_task_part2/robot2/install/robot2/share/robot2/local_setup.zsh
-- Up-to-date: /home/cobaltcheese/Desktop/MRM/Taskfiles/Gazebo_task_part2/robot2/install/robot2/share/robot2/local_setup.dsv
-- Up-to-date: /home/cobaltcheese/Desktop/MRM/Taskfiles/Gazebo_task_part2/robot2/install/robot2/share/robot2/package.dsv
-- Up-to-date: /home/cobaltcheese/Desktop/MRM/Taskfiles/Gazebo_task_part2/robot2/install/robot2/share/ament_index/resource_index/packages/robot2
-- Up-to-date: /home/cobaltcheese/Desktop/MRM/Taskfiles/Gazebo_task_part2/robot2/install/robot2/share/robot2/cmake/robot2Config.cmake
-- Up-to-date: /home/cobaltcheese/Desktop/MRM/Taskfiles/Gazebo_task_part2/robot2/install/robot2/share/robot2/cmake/robot2Config-version.cmake
-- Up-to-date: /home/cobaltcheese/Desktop/MRM/Taskfiles/Gazebo_task_part2/robot2/install/robot2/share/robot2/package.xml
