[0.012s] Invoking command in '/home/cobaltcheese/Desktop/MRM/Taskfiles/Gazebo_task_part2/robot2/build/robot2': CMAKE_PREFIX_PATH=${CMAKE_PREFIX_PATH}:/opt/ros/humble /usr/bin/cmake --build /home/cobaltcheese/Desktop/MRM/Taskfiles/Gazebo_task_part2/robot2/build/robot2 -- -j12 -l12
[0.073s] Invoked command in '/home/cobaltcheese/Desktop/MRM/Taskfiles/Gazebo_task_part2/robot2/build/robot2' returned '0': CMAKE_PREFIX_PATH=${CMAKE_PREFIX_PATH}:/opt/ros/humble /usr/bin/cmake --build /home/cobaltcheese/Desktop/MRM/Taskfiles/Gazebo_task_part2/robot2/build/robot2 -- -j12 -l12
[0.085s] Invoking command in '/home/cobaltcheese/Desktop/MRM/Taskfiles/Gazebo_task_part2/robot2/build/robot2': CMAKE_PREFIX_PATH=${CMAKE_PREFIX_PATH}:/opt/ros/humble /usr/bin/cmake --install /home/cobaltcheese/Desktop/MRM/Taskfiles/Gazebo_task_part2/robot2/build/robot2
[0.094s] -- Install configuration: ""
[0.095s] -- Up-to-date: /home/cobaltcheese/Desktop/MRM/Taskfiles/Gazebo_task_part2/robot2/install/robot2/share/robot2/launch
[0.095s] -- Up-to-date: /home/cobaltcheese/Desktop/MRM/Taskfiles/Gazebo_task_part2/robot2/install/robot2/share/robot2/launch/gazebo.launch.py
[0.095s] -- Up-to-date: /home/cobaltcheese/Desktop/MRM/Taskfiles/Gazebo_task_part2/robot2/install/robot2/share/robot2/model
[0.095s] -- Installing: /home/cobaltcheese/Desktop/MRM/Taskfiles/Gazebo_task_part2/robot2/install/robot2/share/robot2/model/build
[0.095s] -- Installing: /home/cobaltcheese/Desktop/MRM/Taskfiles/Gazebo_task_part2/robot2/install/robot2/share/robot2/model/build/.built_by
[0.095s] -- Installing: /home/cobaltcheese/Desktop/MRM/Taskfiles/Gazebo_task_part2/robot2/install/robot2/share/robot2/model/build/COLCON_IGNORE
[0.095s] -- Up-to-date: /home/cobaltcheese/Desktop/MRM/Taskfiles/Gazebo_task_part2/robot2/install/robot2/share/robot2/model/robot1.gazebo
[0.096s] -- Installing: /home/cobaltcheese/Desktop/MRM/Taskfiles/Gazebo_task_part2/robot2/install/robot2/share/robot2/model/log
[0.096s] -- Installing: /home/cobaltcheese/Desktop/MRM/Taskfiles/Gazebo_task_part2/robot2/install/robot2/share/robot2/model/log/COLCON_IGNORE
[0.096s] -- Installing: /home/cobaltcheese/Desktop/MRM/Taskfiles/Gazebo_task_part2/robot2/install/robot2/share/robot2/model/log/latest
[0.096s] -- Installing: /home/cobaltcheese/Desktop/MRM/Taskfiles/Gazebo_task_part2/robot2/install/robot2/share/robot2/model/log/latest_build
[0.096s] -- Installing: /home/cobaltcheese/Desktop/MRM/Taskfiles/Gazebo_task_part2/robot2/install/robot2/share/robot2/model/log/build_2025-03-26_02-29-55
[0.096s] -- Installing: /home/cobaltcheese/Desktop/MRM/Taskfiles/Gazebo_task_part2/robot2/install/robot2/share/robot2/model/log/build_2025-03-26_02-29-55/events.log
[0.096s] -- Installing: /home/cobaltcheese/Desktop/MRM/Taskfiles/Gazebo_task_part2/robot2/install/robot2/share/robot2/model/log/build_2025-03-26_02-29-55/logger_all.log
[0.096s] -- Up-to-date: /home/cobaltcheese/Desktop/MRM/Taskfiles/Gazebo_task_part2/robot2/install/robot2/share/robot2/model/zed2_camera.xacro
[0.096s] -- Up-to-date: /home/cobaltcheese/Desktop/MRM/Taskfiles/Gazebo_task_part2/robot2/install/robot2/share/robot2/model/wheels.xacro
[0.096s] -- Installing: /home/cobaltcheese/Desktop/MRM/Taskfiles/Gazebo_task_part2/robot2/install/robot2/share/robot2/model/install
[0.096s] -- Installing: /home/cobaltcheese/Desktop/MRM/Taskfiles/Gazebo_task_part2/robot2/install/robot2/share/robot2/model/install/setup.zsh
[0.096s] -- Installing: /home/cobaltcheese/Desktop/MRM/Taskfiles/Gazebo_task_part2/robot2/install/robot2/share/robot2/model/install/local_setup.bash
[0.096s] -- Installing: /home/cobaltcheese/Desktop/MRM/Taskfiles/Gazebo_task_part2/robot2/install/robot2/share/robot2/model/install/COLCON_IGNORE
[0.096s] -- Installing: /home/cobaltcheese/Desktop/MRM/Taskfiles/Gazebo_task_part2/robot2/install/robot2/share/robot2/model/install/local_setup.sh
[0.096s] -- Installing: /home/cobaltcheese/Desktop/MRM/Taskfiles/Gazebo_task_part2/robot2/install/robot2/share/robot2/model/install/local_setup.ps1
[0.096s] -- Installing: /home/cobaltcheese/Desktop/MRM/Taskfiles/Gazebo_task_part2/robot2/install/robot2/share/robot2/model/install/.colcon_install_layout
[0.097s] -- Installing: /home/cobaltcheese/Desktop/MRM/Taskfiles/Gazebo_task_part2/robot2/install/robot2/share/robot2/model/install/setup.bash
[0.097s] -- Installing: /home/cobaltcheese/Desktop/MRM/Taskfiles/Gazebo_task_part2/robot2/install/robot2/share/robot2/model/install/_local_setup_util_sh.py
[0.097s] -- Installing: /home/cobaltcheese/Desktop/MRM/Taskfiles/Gazebo_task_part2/robot2/install/robot2/share/robot2/model/install/_local_setup_util_ps1.py
[0.097s] -- Installing: /home/cobaltcheese/Desktop/MRM/Taskfiles/Gazebo_task_part2/robot2/install/robot2/share/robot2/model/install/setup.ps1
[0.097s] -- Installing: /home/cobaltcheese/Desktop/MRM/Taskfiles/Gazebo_task_part2/robot2/install/robot2/share/robot2/model/install/local_setup.zsh
[0.097s] -- Installing: /home/cobaltcheese/Desktop/MRM/Taskfiles/Gazebo_task_part2/robot2/install/robot2/share/robot2/model/install/setup.sh
[0.097s] -- Up-to-date: /home/cobaltcheese/Desktop/MRM/Taskfiles/Gazebo_task_part2/robot2/install/robot2/share/robot2/model/sensors.xacro
[0.097s] -- Installing: /home/cobaltcheese/Desktop/MRM/Taskfiles/Gazebo_task_part2/robot2/install/robot2/share/robot2/model/group_robot.xacro
[0.097s] -- Up-to-date: /home/cobaltcheese/Desktop/MRM/Taskfiles/Gazebo_task_part2/robot2/install/robot2/share/ament_index/resource_index/package_run_dependencies/robot2
[0.098s] -- Up-to-date: /home/cobaltcheese/Desktop/MRM/Taskfiles/Gazebo_task_part2/robot2/install/robot2/share/ament_index/resource_index/parent_prefix_path/robot2
[0.098s] -- Up-to-date: /home/cobaltcheese/Desktop/MRM/Taskfiles/Gazebo_task_part2/robot2/install/robot2/share/robot2/environment/ament_prefix_path.sh
[0.098s] -- Up-to-date: /home/cobaltcheese/Desktop/MRM/Taskfiles/Gazebo_task_part2/robot2/install/robot2/share/robot2/environment/ament_prefix_path.dsv
[0.098s] -- Up-to-date: /home/cobaltcheese/Desktop/MRM/Taskfiles/Gazebo_task_part2/robot2/install/robot2/share/robot2/environment/path.sh
[0.098s] -- Up-to-date: /home/cobaltcheese/Desktop/MRM/Taskfiles/Gazebo_task_part2/robot2/install/robot2/share/robot2/environment/path.dsv
[0.098s] -- Up-to-date: /home/cobaltcheese/Desktop/MRM/Taskfiles/Gazebo_task_part2/robot2/install/robot2/share/robot2/local_setup.bash
[0.098s] -- Up-to-date: /home/cobaltcheese/Desktop/MRM/Taskfiles/Gazebo_task_part2/robot2/install/robot2/share/robot2/local_setup.sh
[0.098s] -- Up-to-date: /home/cobaltcheese/Desktop/MRM/Taskfiles/Gazebo_task_part2/robot2/install/robot2/share/robot2/local_setup.zsh
[0.098s] -- Up-to-date: /home/cobaltcheese/Desktop/MRM/Taskfiles/Gazebo_task_part2/robot2/install/robot2/share/robot2/local_setup.dsv
[0.098s] -- Installing: /home/cobaltcheese/Desktop/MRM/Taskfiles/Gazebo_task_part2/robot2/install/robot2/share/robot2/package.dsv
[0.098s] -- Up-to-date: /home/cobaltcheese/Desktop/MRM/Taskfiles/Gazebo_task_part2/robot2/install/robot2/share/ament_index/resource_index/packages/robot2
[0.099s] -- Up-to-date: /home/cobaltcheese/Desktop/MRM/Taskfiles/Gazebo_task_part2/robot2/install/robot2/share/robot2/cmake/robot2Config.cmake
[0.099s] -- Up-to-date: /home/cobaltcheese/Desktop/MRM/Taskfiles/Gazebo_task_part2/robot2/install/robot2/share/robot2/cmake/robot2Config-version.cmake
[0.099s] -- Up-to-date: /home/cobaltcheese/Desktop/MRM/Taskfiles/Gazebo_task_part2/robot2/install/robot2/share/robot2/package.xml
[0.100s] Invoked command in '/home/cobaltcheese/Desktop/MRM/Taskfiles/Gazebo_task_part2/robot2/build/robot2' returned '0': CMAKE_PREFIX_PATH=${CMAKE_PREFIX_PATH}:/opt/ros/humble /usr/bin/cmake --install /home/cobaltcheese/Desktop/MRM/Taskfiles/Gazebo_task_part2/robot2/build/robot2
